2023-05-23T02:21:14+00:00 DEBUG tt4b_product_sync: missing access token for tt4b_product_sync
2023-05-23T02:21:14+00:00 DEBUG tt4b_product_delete: missing access token for tt4b_product_sync
2023-05-23T02:56:09+00:00 DEBUG tt4b_product_sync: missing access token for tt4b_product_sync
2023-05-23T02:56:27+00:00 DEBUG tt4b_product_sync: missing access token for tt4b_product_sync
2023-05-23T02:58:27+00:00 DEBUG tt4b_product_sync: missing access token for tt4b_product_sync
2023-05-23T03:02:14+00:00 DEBUG tt4b_product_sync: missing access token for tt4b_product_sync
2023-05-23T03:02:50+00:00 DEBUG tt4b_product_sync: missing access token for tt4b_product_sync
2023-05-23T03:05:54+00:00 DEBUG tt4b_product_sync: missing access token for tt4b_product_sync
2023-05-23T03:44:02+00:00 DEBUG tt4b_product_sync: missing access token for tt4b_product_sync
2023-05-23T03:48:07+00:00 DEBUG tt4b_product_sync: missing access token for tt4b_product_sync
2023-05-23T03:49:41+00:00 DEBUG tt4b_product_sync: missing access token for tt4b_product_sync
2023-05-23T03:50:04+00:00 DEBUG tt4b_product_sync: missing access token for tt4b_product_sync
2023-05-23T03:51:52+00:00 DEBUG tt4b_product_sync: missing access token for tt4b_product_sync
2023-05-23T03:52:16+00:00 DEBUG tt4b_product_sync: missing access token for tt4b_product_sync
2023-05-23T06:42:46+00:00 DEBUG tt4b_product_sync: missing access token for tt4b_product_sync
2023-05-23T06:46:38+00:00 DEBUG tt4b_product_sync: missing access token for tt4b_product_sync
2023-05-23T06:48:39+00:00 DEBUG tt4b_product_sync: missing access token for tt4b_product_sync
2023-05-23T06:53:19+00:00 DEBUG tt4b_product_sync: missing access token for tt4b_product_sync
2023-05-23T06:59:10+00:00 DEBUG tt4b_product_sync: missing access token for tt4b_product_sync
2023-05-23T07:00:07+00:00 DEBUG tt4b_product_sync: missing access token for tt4b_product_sync
2023-05-23T07:02:21+00:00 DEBUG tt4b_product_sync: missing access token for tt4b_product_sync
2023-05-23T07:02:36+00:00 DEBUG tt4b_product_sync: missing access token for tt4b_product_sync
2023-05-23T07:02:58+00:00 DEBUG tt4b_product_sync: missing access token for tt4b_product_sync
2023-05-23T07:04:10+00:00 DEBUG tt4b_product_sync: missing access token for tt4b_product_sync
2023-05-23T07:04:21+00:00 DEBUG tt4b_product_sync: missing access token for tt4b_product_sync
2023-05-23T07:12:17+00:00 DEBUG tt4b_product_sync: missing access token for tt4b_product_sync
2023-05-23T07:12:17+00:00 DEBUG tt4b_product_delete: missing access token for tt4b_product_sync
2023-05-23T07:12:27+00:00 DEBUG tt4b_product_sync: missing access token for tt4b_product_sync
2023-05-23T07:12:27+00:00 DEBUG tt4b_product_delete: missing access token for tt4b_product_sync
2023-05-23T07:12:36+00:00 DEBUG tt4b_product_sync: missing access token for tt4b_product_sync
2023-05-23T07:12:36+00:00 DEBUG tt4b_product_delete: missing access token for tt4b_product_sync
2023-05-23T07:12:44+00:00 DEBUG tt4b_product_sync: missing access token for tt4b_product_sync
2023-05-23T07:12:44+00:00 DEBUG tt4b_product_delete: missing access token for tt4b_product_sync
2023-05-23T07:13:00+00:00 DEBUG tt4b_product_sync: missing access token for tt4b_product_sync
2023-05-23T07:13:00+00:00 DEBUG tt4b_product_delete: missing access token for tt4b_product_sync
2023-05-23T07:13:09+00:00 DEBUG tt4b_product_sync: missing access token for tt4b_product_sync
2023-05-23T07:13:09+00:00 DEBUG tt4b_product_delete: missing access token for tt4b_product_sync
2023-05-23T07:13:18+00:00 DEBUG tt4b_product_sync: missing access token for tt4b_product_sync
2023-05-23T07:13:18+00:00 DEBUG tt4b_product_delete: missing access token for tt4b_product_sync
2023-05-23T07:14:08+00:00 DEBUG tt4b_product_sync: missing access token for tt4b_product_sync
2023-05-23T07:14:08+00:00 DEBUG tt4b_product_delete: missing access token for tt4b_product_sync
2023-05-23T07:14:17+00:00 DEBUG tt4b_product_sync: missing access token for tt4b_product_sync
2023-05-23T07:14:17+00:00 DEBUG tt4b_product_delete: missing access token for tt4b_product_sync
2023-05-23T07:14:24+00:00 DEBUG tt4b_product_sync: missing access token for tt4b_product_sync
2023-05-23T07:14:24+00:00 DEBUG tt4b_product_delete: missing access token for tt4b_product_sync
2023-05-23T07:14:57+00:00 DEBUG tt4b_product_sync: missing access token for tt4b_product_sync
2023-05-23T07:14:57+00:00 DEBUG tt4b_product_delete: missing access token for tt4b_product_sync
2023-05-23T08:30:25+00:00 DEBUG Tt4b_Pixel_Class::inject_view_content_event: hit injectViewContentEvent
2023-05-23T08:30:25+00:00 DEBUG Tt4b_Pixel_Class::inject_view_content_event: Missing option "access_token"
2023-05-23T08:34:44+00:00 DEBUG Tt4b_Pixel_Class::inject_view_content_event: hit injectViewContentEvent
2023-05-23T08:34:44+00:00 DEBUG Tt4b_Pixel_Class::inject_view_content_event: Missing option "access_token"
2023-05-23T09:17:58+00:00 DEBUG Tt4b_Pixel_Class::inject_start_checkout: hit injectStartCheckout
2023-05-23T09:17:58+00:00 DEBUG Tt4b_Pixel_Class::inject_start_checkout: Missing option "access_token"
2023-05-23T09:20:14+00:00 DEBUG Tt4b_Pixel_Class::inject_start_checkout: hit injectStartCheckout
2023-05-23T09:20:14+00:00 DEBUG Tt4b_Pixel_Class::inject_start_checkout: Missing option "access_token"
